=~=~=~=~=~=~=~=~=~=~=~= PuTTY log 2022.11.11 22:54:07 =~=~=~=~=~=~=~=~=~=~=~=
Output level of pin is : 1 
SleepingSleepingSleepingSleepingSleepingSleepingSleepingSleepingSleepingSleepingSleepingSleepingSleepingSleepingSleepingSleepingSleepingTask3 Failed to take Mutex 
Output level of pin is : 0 
SleepingSleepingSleepingSleepingSleepingSleepingSleepingSleepingSleepingSleepingSleepingSleepingSleepingSleepingSleepingSleepingSleepingOutput level of pin is : 1 

 ets Jan  8 2013,rst cause:2, boot mode:(3,6)

load 0x40100000, len 7032, room 16 
tail 8
chksum 0x94
load 0x3ffe8408, len 24, room 0 
tail 8
chksum 0x2d
load 0x3ffe8420, len 3328, room 0 
tail 0
chksum 0x58
csum 0x58
[0;32mI (48) boot: ESP-IDF v3.4-49-g0f200b46-dirty 2nd stage bootloader[0m
[0;32mI (48) boot: compile time 20:10:06[0m
[0;32mI (49) boot: SPI Speed      : 40MHz[0m
[0;32mI (55) boot: SPI Mode       : DOUT[0m
[0;32mI (62) boot: SPI Flash Size : 1MB[0m
[0;32mI (68) boot: Partition Table:[0m
[0;32mI (73) boot: ## Label            Usage          Type ST Offset   Length[0m
[0;32mI (85) boot:  0 nvs              WiFi data        01 02 00009000 00006000[0m
[0;32mI (96) boot:  1 phy_init         RF data          01 01 0000f000 00001000[0m
[0;32mI (108) boot:  2 factory          factory app      00 00 00010000 000f0000[0m
[0;32mI (119) boot: End of partition table[0m
[0;32mI (126) esp_image: segment 0: paddr=0x00010010 vaddr=0x40210010 size=0x16314 ( 90900) map[0m
[0;32mI (179) esp_image: segment 1: paddr=0x0002632c vaddr=0x40226324 size=0x059dc ( 23004) map[0m
[0;32mI (190) esp_image: segment 2: paddr=0x0002bd10 vaddr=0x3ffe8000 size=0x003dc (   988) load[0m
[0;32mI (190) esp_image: segment 3: paddr=0x0002c0f4 vaddr=0x40100000 size=0x00080 (   128) load[0m
[0;32mI (204) esp_image: segment 4: paddr=0x0002c17c vaddr=0x40100080 size=0x04558 ( 17752) load[0m
[0;32mI (225) boot: Loaded app from partition at offset 0x10000[0m
[0;32mI (246) gpio: GPIO[2]| InputEn: 0| OutputEn: 1| OpenDrain: 0| Pullup: 0| Pulldown: 0| Intr:0 [0m
Output level of pin is : 0 
SleepingSleepingSleepingSleepingSleepingSleepingSleepingSleepingSleepingSleepingSleepingSleepingSleepingSleepingSleepingSleepingOutput level of pin is : 1 
SleepingSleepingSleepingSleepingSleepingSleepingSleepingSleepingSleepingSleepingSleepingSleepingSleepingSleepingSleepingSleepingSleepingOutput level of pin is : 0 
SleepingSleepingSleepingSleepingSleepingSleepingSleepingSleepingSleepingSleepingSleepingSleepingSleepingSleepingSleepingSleepingSleepingTask3 Failed to take Mutex 
Task3 Failed to take Mutex 
Task3 Failed to take Mutex 
Task3 Failed to take Mutex 
Task3 Failed to take Mutex 
Task3 Failed to take Mutex 
Task3 Failed to take Mutex 
Task3 Failed to take Mutex 
Task3 Failed to take Mutex 
Task3 Failed to take Mutex 
Task3 Failed to take Mutex 
Task3 Failed to take Mutex 
Task3 Failed to take Mutex 
Task3 Failed to take Mutex 
Task3 Failed to take Mutex 
Task3 Failed to take Mutex 
Task3 Failed to take Mutex 
Task3 Failed to take Mutex 
Task3 Failed to take Mutex 
Task3 Failed to take Mutex 
Task3 Failed to take Mutex 
Task3 Failed to take Mutex 
Task3 Failed to take Mutex 
Task3 Failed to take Mutex 
Task3 Failed to take Mutex 
Task3 Failed to take Mutex 
Task3 Failed to take Mutex 
Task3 Failed to take Mutex 
Task3 Failed to take Mutex 
Task3 Failed to take Mutex 
Task3 Failed to take Mutex 
Task3 Failed to take Mutex 
Task3 Failed to take Mutex 
Task3 Failed to take Mutex 
Task3 Failed to take Mutex 
Task3 Failed to take Mutex 
Task3 Failed to take Mutex 
Task3 Failed to take Mutex 
Task3 Failed to take Mutex 
Task3 Failed to take Mutex 
Task3 Failed to take Mutex 
Task3 Failed to take Mutex 
Task3 Failed to take Mutex 
Task3 Failed to take Mutex 
Task3 Failed to take Mutex 
Task3 Failed to take Mutex 
Task3 Failed to take Mutex 
Task3 Failed to take Mutex 
Task3 Failed to take Mutex 
Output level of pin is : 1 
SleepingSleepingSleepingSleepingSleepingSleepingSleepingSleepingSleepingSleepingSleepingSleepingSleepingSleepingSleepingSleepingOutput level of pin is : 0 
SleepingSleepingSleepingSleepingSleepingSleepingSleepingSleepingSleepingSleepingSleepingSleepingSleepingSleepingSleepingSleepingSleepingOutput level of pin is : 1 
Output level of pin is : 1 
SleepingSleepingSleepingSleepingSleepingSleepingSleepingSleepingSleepingSleepingSleepingSleepingSleepingSleepingSleepingSleepingSleepingTask3 Failed to take Mutex 
Output level of pin is : 0 
SleepingSleepingSleepingSleepingSleepingSleepingSleepingSleepingSleepingSleepingSleepingSleepingSleepingSleepingSleepingSleepingSleepingOutput level of pin is : 1 
Output level of pin is : 1 
SleepingSleepingSleepingSleepingSleepingSleepingSleepingSleepingSleepingSleepingSleepingSleepingSleepingSleepingSleepingSleepingSleepingTask3 Failed to take Mutex 
Output level of pin is : 0 
SleepingSleepingSleepingSleepingSleepingSleepingSleepingSleepingSleepingSleepingSleepingSleepingSleepingSleepingSleepingSleepingSleepingOutput level of pin is : 1 
Output level of pin is : 1 
SleepingSleepingSleepingSleepingSleepingSleepingSleepingSleepingSleepingSleepingSleepingSleepingSleepingSleepingSleepingSleepingSleepingTask3 Failed to take Mutex 
Output level of pin is : 0 
SleepingSleepingSleepingSleepingSleepingSleepingSleepingSleepingSleepingSleepingSleepingSleepingSleepingSleepingSleepingSleepingSleepingOutput level of pin is : 1 
Output level of pin is : 1 
SleepingSleepingSleepingSleepingSleepingSleepingSleepingSleepingSleepingSleepingSleepingSleepingSleepingSleepingSleepingSleepingSleepingTask3 Failed to take Mutex 
Output level of pin is : 0 
SleepingSleepingSleepingSleepingSleepingSleepingSleepingSleepingSleepingSleepingSleepingSleepingSleepingSleepingSleepingSleepingSleepingOutput level of pin is : 1 
Output level of pin is : 1 
SleepingSleepingSleepingSleepingSleepingSleepingSleepingSleepingSleepingSleepingSleepingSleepingSleepingSleepingSleepingSleepingSleepingTask3 Failed to take Mutex 
Output level of pin is : 0 
SleepingSleepingSleepingSleepingSleepingSleepingSleepingSleepingSleepingSleepingSleepingSleepingSleepingSleepingSleepingSleepingSleepingOutput level of pin is : 1 
Output level of pin is : 1 
SleepingSleepingSleepingSleepingSleepingSleepingSleepingSleepingSleepingSleepingSleepingSleepingSleepingSleepingSleepingSleepingSleepingTask3 Failed to take Mutex 
Output level of pin is : 0 
SleepingSleepingSleepingSleepingSleepingSleepingSleepingSleepingSleepingSleepingSleepingSleepingSleepingSleepingSleepingSleepingSleepingOutput level of pin is : 1 
Output level of pin is : 1 
SleepingSleepingSleepingSleepingSleepingSleepingSleepingSleepingSleepingSleepingSleepingSleepingSleepingSleepingSleepingSleepingSleepingTask3 Failed to take Mutex 
Output level of pin is : 0 
SleepingSleepingSleepingSleepingSleepingSleepingSleepingSleepingSleepingSleepingSleepingSleepingSleepingSleepingSleepingSleepingSleepingOutput level of pin is : 1 
Output level of pin is : 1 
SleepingSleepingSleepingSleepingSleepingSleepingSleepingSleepingSleepingSleepingSleepingSleepingSleepingSleepingSleepingSleepingSleepingTask3 Failed to take Mutex 
Output level of pin is : 0 
SleepingSleepingSleepingSleepingSleepingSleepingSleepingSleepingSleepingSleepingSleepingSleepingSleepingSleepingSleepingSleepingSleepingOutput level of pin is : 1 
Output level of pin is : 1 
SleepingSleepingSleepingSleepingSleepingSleepingSleepingSleepingSleepingSleepingSleepingSleepingSleepingSleepingSleepingSleepingSleepingTask3 Failed to take Mutex 
Output level of pin is : 0 
SleepingSleepingSleepingSleepingSleepingSleepingSleepingSleepingSleepingSleepingSleepingSleepingSleepingSleepingSleepingSleepingSleepingOutput level of pin is : 1 
Output level of pin is : 1 
SleepingSleepingSleepingSleepingSleepingSleepingSleepingSleepingSleepingSleepingSleepingSleepingSleepingSleepingSleepingSleepingSleepingTask3 Failed to take Mutex 
Output level of pin is : 0 
SleepingSleepingSleepingSleepingSleepingSleepingSleepingSleepingSleepingSleepingSleepingSleepingSleepingSleepingSleepingSleepingSleepingOutput level of pin is : 1 
Output level of pin is : 1 
SleepingSleepingSleepingSleepingSleepingSleepingSleepingSleepingSleepingSleepingSleepingSleepingSleepingSleepingSleepingSleepingS